moolre-checkout-android/build/intermediates/manifest_merge_blame_file/release/processReleaseManifest/manifest-merger-blame-release-report.txt
1<?xml version="1.0" encoding="utf-8"?>
2<manifest xmlns:android="http://schemas.android.com/apk/res/android"
3    package="com.moolre.sdk.checkout" >
4
5    <uses-sdk android:minSdkVersion="24" />
6
7    <uses-permission android:name="android.permission.INTERNET" />
7-->src\main\AndroidManifest.xml:2:5-67
7-->src\main\AndroidManifest.xml:2:22-64
8
9    <application>
9-->src\main\AndroidManifest.xml:4:5-9:19
10        <activity
10-->src\main\AndroidManifest.xml:5:9-8:60
11            android:name="com.moolre.sdk.MoolreCheckoutActivity"
11-->src\main\AndroidManifest.xml:6:13-65
12            android:exported="false"
12-->src\main\AndroidManifest.xml:7:13-37
13            android:theme="@style/Theme.Moolre.Checkout" />
13-->src\main\AndroidManifest.xml:8:13-57
14    </application>
15
16</manifest>